#
# A fatal error has been detected by the Java Runtime Environment:
#
#  EXCEPTION_ACCESS_VIOLATION (0xc0000005) at pc=0x00007ffb7f2b94be, pid=9932, tid=16856
#
# JRE version: OpenJDK Runtime Environment Temurin-17.0.4.1+1 (17.0.4.1+1) (build 17.0.4.1+1)
# Java VM: OpenJDK 64-Bit Server VM Temurin-17.0.4.1+1 (17.0.4.1+1, mixed mode, tiered, compressed oops, compressed class ptrs, parallel gc, windows-amd64)
# Problematic frame:
# V  [jvm.dll+0x2e94be]
#
# No core dump will be written. Minidumps are not enabled by default on client versions of Windows
#
# If you would like to submit a bug report, please visit:
#   https://github.com/adoptium/adoptium-support/issues
#

---------------  S U M M A R Y ------------

Command Line: --add-modules=ALL-SYSTEM --add-opens=java.base/java.util=ALL-UNNAMED --add-opens=java.base/java.lang=ALL-UNNAMED --add-opens=java.base/sun.nio.fs=ALL-UNNAMED -Declipse.application=org.eclipse.jdt.ls.core.id1 -Dosgi.bundles.defaultStartLevel=4 -Declipse.product=org.eclipse.jdt.ls.core.product -Djava.import.generatesMetadataFilesAtProjectRoot=false -Dfile.encoding=utf8 -XX:+UseParallelGC -XX:GCTimeRatio=4 -XX:AdaptiveSizePolicyWeight=90 -Dsun.zip.disableMemoryMapping=true -Xmx1G -Xms100m -Xlog:disable -javaagent:c:\Users\Usuario\.vscode\extensions\redhat.java-1.12.0-win32-x64\lombok\lombok-1.18.24.jar -XX:+HeapDumpOnOutOfMemoryError -XX:HeapDumpPath=c:\Users\Usuario\AppData\Roaming\Code\User\workspaceStorage\47beed2f64f642975652ed443ada2e55\redhat.java c:\Users\Usuario\.vscode\extensions\redhat.java-1.12.0-win32-x64\server\plugins\org.eclipse.equinox.launcher_1.6.400.v20210924-0641.jar -configuration c:\Users\Usuario\AppData\Roaming\Code\User\globalStorage\redhat.java\1.12.0\config_win -data c:\Users\Usuario\AppData\Roaming\Code\User\workspaceStorage\47beed2f64f642975652ed443ada2e55\redhat.java\jdt_ws

Host: Intel(R) Core(TM) i9-9900K CPU @ 3.60GHz, 16 cores, 31G,  Windows 10 , 64 bit Build 19041 (10.0.19041.2251)
Time: Sun Nov 13 18:15:55 2022 Hora estándar GMT elapsed time: 3848.116722 seconds (0d 1h 4m 8s)

---------------  T H R E A D  ---------------

Current thread (0x000001e17db8a120):  GCTaskThread "GC Thread#4" [stack: 0x0000002a69300000,0x0000002a69400000] [id=16856]

Stack: [0x0000002a69300000,0x0000002a69400000],  sp=0x0000002a693ffa40,  free space=1022k
Native frames: (J=compiled Java code, j=interpreted, Vv=VM code, C=native code)
V  [jvm.dll+0x2e94be]
V  [jvm.dll+0x6b7948]
V  [jvm.dll+0x6b7daf]
V  [jvm.dll+0x85f6bb]
V  [jvm.dll+0x85f706]
V  [jvm.dll+0x7e240a]
V  [jvm.dll+0x6761a5]
C  [ucrtbase.dll+0x21bb2]
C  [KERNEL32.DLL+0x174b4]
C  [ntdll.dll+0x526a1]


siginfo: EXCEPTION_ACCESS_VIOLATION (0xc0000005), data execution prevention violation at address 0x00007ffbabb84000


Register to memory mapping:

RIP=0x00007ffb7f2b94be jvm.dll
RAX=0x000001e166035100 points into unknown readable memory: 0x000001e179eb0b60 | 60 0b eb 79 e1 01 00 00
RBX=0x0000000000000008 is an unknown value
RCX=0x000001e179eb3260 points into unknown readable memory: 0x0000000000000000 | 00 00 00 00 00 00 00 00
RDX=0x0000000000000007 is an unknown value
RSP=0x0000002a693ffa40 points into unknown readable memory: 0x0000000000000008 | 08 00 00 00 00 00 00 00
RBP=0x0000000000000004 is an unknown value
RSI=0x0000000000000030 is an unknown value
RDI=0x000001e1660fc030 points into unknown readable memory: 0x00007ffb7f920c58 | 58 0c 92 7f fb 7f 00 00
R8 =0x0 is NULL
R9 =0x0000000000000007 is an unknown value
R10=0x0000000000000009 is an unknown value
R11=0x000001e179eb3f60 points into unknown readable memory: 0x0000000000000000 | 00 00 00 00 00 00 00 00
R12=0x0 is NULL
R13=0x000001e17ed0e400 points into unknown readable memory: 0x0000000000000002 | 02 00 00 00 00 00 00 00
R14=0x0000000000000038 is an unknown value
R15=0x0000002a693ffac0 points into unknown readable memory: 0x00000000ead555e5 | e5 55 d5 ea 00 00 00 00


Registers:
RAX=0x000001e166035100, RBX=0x0000000000000008, RCX=0x000001e179eb3260, RDX=0x0000000000000007
RSP=0x0000002a693ffa40, RBP=0x0000000000000004, RSI=0x0000000000000030, RDI=0x000001e1660fc030
R8 =0x0000000000000000, R9 =0x0000000000000007, R10=0x0000000000000009, R11=0x000001e179eb3f60
R12=0x0000000000000000, R13=0x000001e17ed0e400, R14=0x0000000000000038, R15=0x0000002a693ffac0
RIP=0x00007ffb7f2b94be, EFLAGS=0x0000000000010206

Top of Stack: (sp=0x0000002a693ffa40)
0x0000002a693ffa40:   0000000000000008 000001e17ed0e400
0x0000002a693ffa50:   0000002a67cff1e8 0000000000000008
0x0000002a693ffa60:   0000000000000005 0000000000000008
0x0000002a693ffa70:   0000002a67cff240 00007ffb7f687948
0x0000002a693ffa80:   0007d1a300013856 000001e179eb3f00
0x0000002a693ffa90:   0000000000000000 0007e143000051e8
0x0000002a693ffaa0:   0000002a67cff0e0 00007ffb7f687daf
0x0000002a693ffab0:   000001e179eb3f00 0000002a693ffb49
0x0000002a693ffac0:   00000000ead555e5 0000002a67cff220
0x0000002a693ffad0:   000001e179eb3f00 ffffffff00000008
0x0000002a693ffae0:   000000000000000d 00007ffb7fae27f0
0x0000002a693ffaf0:   0000000800000003 000001e179eb3f00
0x0000002a693ffb00:   00007ffb7f97eeb8 000001e179eb3f00
0x0000002a693ffb10:   0000002a67cff0e0 000001e17da786d0
0x0000002a693ffb20:   00000000000003d8 000001e17da786e0
0x0000002a693ffb30:   000001e17da78ab8 00007ffb7f97f008 

Instructions: (pc=0x00007ffb7f2b94be)
0x00007ffb7f2b93be:   00 f7 77 08 44 8b ca 3b d3 74 b7 8b d3 0f 1f 44
0x00007ffb7f2b93ce:   00 00 3b d3 74 05 41 3b d1 75 44 45 8b 83 04 02
0x00007ffb7f2b93de:   00 00 b8 5f 0b 4e 83 41 f7 e8 41 03 d0 c1 fa 10
0x00007ffb7f2b93ee:   8b c2 c1 e8 1f 03 d0 41 69 c0 a7 41 00 00 69 ca
0x00007ffb7f2b93fe:   ff ff ff 7f 2b c1 85 c0 8d 88 ff ff ff 7f 0f 4e
0x00007ffb7f2b940e:   c1 33 d2 41 89 83 04 02 00 00 f7 77 08 eb b3 41
0x00007ffb7f2b941e:   8b c1 4c 8d 34 c5 00 00 00 00 48 8b 47 10 49 8b
0x00007ffb7f2b942e:   0c 06 8b 81 00 01 00 00 44 8b 91 80 00 00 00 44
0x00007ffb7f2b943e:   2b d0 8b c2 41 81 e2 ff ff 01 00 41 81 fa ff ff
0x00007ffb7f2b944e:   01 00 45 0f 44 d4 48 8d 34 c5 00 00 00 00 48 8b
0x00007ffb7f2b945e:   47 10 48 8b 0c 06 8b 81 00 01 00 00 44 8b 81 80
0x00007ffb7f2b946e:   00 00 00 44 2b c0 32 c0 41 81 e0 ff ff 01 00 41
0x00007ffb7f2b947e:   81 f8 ff ff 01 00 45 0f 44 c4 45 3b c2 76 21 48
0x00007ffb7f2b948e:   8b 47 10 48 8b 34 06 48 8b 86 00 01 00 00 48 89
0x00007ffb7f2b949e:   44 24 40 8b 8e 80 00 00 00 48 8b 44 24 40 eb 2b
0x00007ffb7f2b94ae:   45 85 d2 0f 84 8d 00 00 00 48 8b 47 10 41 8b d1
0x00007ffb7f2b94be:   49 8b 34 06 48 8b 86 00 01 00 00 48 89 44 24 58
0x00007ffb7f2b94ce:   8b 8e 80 00 00 00 48 8b 44 24 58 2b c8 81 e1 ff
0x00007ffb7f2b94de:   ff 01 00 81 f9 ff ff 01 00 41 0f 44 cc 85 c9 75
0x00007ffb7f2b94ee:   13 ba ff ff ff ff 32 c0 41 89 93 00 02 00 00 e9
0x00007ffb7f2b94fe:   cc 00 00 00 48 8b 8e 80 01 00 00 4c 8b c8 44 8b
0x00007ffb7f2b950e:   c0 4e 8b 04 c1 8d 48 01 81 e1 ff ff 01 00 4d 89
0x00007ffb7f2b951e:   07 45 8b c4 41 0f 94 c0 49 c1 e9 20 45 03 c8 49
0x00007ffb7f2b952e:   c1 e1 20 4c 0b c9 f0 4c 0f b1 8e 00 01 00 00 0f
0x00007ffb7f2b953e:   94 c0 84 c0 75 05 ba ff ff ff ff 41 89 93 00 02
0x00007ffb7f2b954e:   00 00 eb 7c 75 7e 48 8b 47 10 8d 4b ff 83 e1 01
0x00007ffb7f2b955e:   4c 8b 14 c8 49 8b 82 00 01 00 00 48 89 04 24 41
0x00007ffb7f2b956e:   8b 8a 80 00 00 00 48 8b 04 24 2b c8 81 e1 ff ff
0x00007ffb7f2b957e:   01 00 81 f9 ff ff 01 00 41 0f 44 cc 85 c9 75 04
0x00007ffb7f2b958e:   32 c0 eb 3c 49 8b 8a 80 01 00 00 4c 8b c0 8b d0
0x00007ffb7f2b959e:   48 8b 14 d1 8d 48 01 81 e1 ff ff 01 00 49 89 17
0x00007ffb7f2b95ae:   41 8b d4 0f 94 c2 49 c1 e8 20 44 03 c2 49 c1 e0 


Stack slot to memory mapping:
stack at sp + 0 slots: 0x0000000000000008 is an unknown value
stack at sp + 1 slots: 0x000001e17ed0e400 points into unknown readable memory: 0x0000000000000002 | 02 00 00 00 00 00 00 00
stack at sp + 2 slots: 0x0000002a67cff1e8 points into unknown readable memory: 0x000001e166049dd0 | d0 9d 04 66 e1 01 00 00
stack at sp + 3 slots: 0x0000000000000008 is an unknown value
stack at sp + 4 slots: 0x0000000000000005 is an unknown value
stack at sp + 5 slots: 0x0000000000000008 is an unknown value
stack at sp + 6 slots: 0x0000002a67cff240 points into unknown readable memory: 0xffffffff0000000d | 0d 00 00 00 ff ff ff ff
stack at sp + 7 slots: 0x00007ffb7f687948 jvm.dll


---------------  P R O C E S S  ---------------

Threads class SMR info:
_java_thread_list=0x000001e1045b01b0, length=44, elements={
0x000001e16604b520, 0x000001e179ece750, 0x000001e17b9c3250, 0x000001e17b9f1a80,
0x000001e17b9f2600, 0x000001e17b9f4280, 0x000001e17b9f5ee0, 0x000001e17b9fe5f0,
0x000001e17b9fefa0, 0x000001e17ba09cb0, 0x000001e17bb2e880, 0x000001e17d92f320,
0x000001e17ed8d800, 0x000001e17ee725f0, 0x000001e17ee790f0, 0x000001e17ec3c1b0,
0x000001e17ee74b30, 0x000001e17ee74660, 0x000001e17ee75000, 0x000001e17ee76810,
0x000001e17ee754d0, 0x000001e102b597f0, 0x000001e17ee76ce0, 0x000001e17ee771b0,
0x000001e17ee77680, 0x000001e17ee759a0, 0x000001e102b5d1b0, 0x000001e102b5c340,
0x000001e10f19eb80, 0x000001e10f19a820, 0x000001e10f199e80, 0x000001e102b5b9a0,
0x000001e102b59cc0, 0x000001e10f19d370, 0x000001e17f81a080, 0x000001e17f812d00,
0x000001e17f8161f0, 0x000001e103d7f130, 0x000001e103d7ffa0, 0x000001e103d812e0,
0x000001e103d82150, 0x000001e103d82fc0, 0x000001e103d847d0, 0x000001e103d82620
}

Java Threads: ( => current thread )
  0x000001e16604b520 JavaThread "main" [_thread_blocked, id=18304, stack(0x0000002a67a00000,0x0000002a67b00000)]
  0x000001e179ece750 JavaThread "Reference Handler" daemon [_thread_blocked, id=9060, stack(0x0000002a67d00000,0x0000002a67e00000)]
  0x000001e17b9c3250 JavaThread "Finalizer" daemon [_thread_blocked, id=23728, stack(0x0000002a67e00000,0x0000002a67f00000)]
  0x000001e17b9f1a80 JavaThread "Signal Dispatcher" daemon [_thread_blocked, id=16492, stack(0x0000002a67f00000,0x0000002a68000000)]
  0x000001e17b9f2600 JavaThread "Attach Listener" daemon [_thread_blocked, id=3656, stack(0x0000002a68000000,0x0000002a68100000)]
  0x000001e17b9f4280 JavaThread "Service Thread" daemon [_thread_blocked, id=8820, stack(0x0000002a68100000,0x0000002a68200000)]
  0x000001e17b9f5ee0 JavaThread "Monitor Deflation Thread" daemon [_thread_blocked, id=6048, stack(0x0000002a68200000,0x0000002a68300000)]
  0x000001e17b9fe5f0 JavaThread "C2 CompilerThread0" daemon [_thread_blocked, id=17496, stack(0x0000002a68300000,0x0000002a68400000)]
  0x000001e17b9fefa0 JavaThread "C1 CompilerThread0" daemon [_thread_blocked, id=10508, stack(0x0000002a68400000,0x0000002a68500000)]
  0x000001e17ba09cb0 JavaThread "Sweeper thread" daemon [_thread_blocked, id=23708, stack(0x0000002a68500000,0x0000002a68600000)]
  0x000001e17bb2e880 JavaThread "Common-Cleaner" daemon [_thread_blocked, id=12756, stack(0x0000002a68600000,0x0000002a68700000)]
  0x000001e17d92f320 JavaThread "Notification Thread" daemon [_thread_blocked, id=10740, stack(0x0000002a68b00000,0x0000002a68c00000)]
  0x000001e17ed8d800 JavaThread "Active Thread: Equinox Container: 92ef6059-b57c-40ed-a534-913eb4b075f9" [_thread_blocked, id=22652, stack(0x0000002a69500000,0x0000002a69600000)]
  0x000001e17ee725f0 JavaThread "Framework Event Dispatcher: Equinox Container: 92ef6059-b57c-40ed-a534-913eb4b075f9" daemon [_thread_blocked, id=19616, stack(0x0000002a68800000,0x0000002a68900000)]
  0x000001e17ee790f0 JavaThread "Start Level: Equinox Container: 92ef6059-b57c-40ed-a534-913eb4b075f9" daemon [_thread_blocked, id=13912, stack(0x0000002a68d00000,0x0000002a68e00000)]
  0x000001e17ec3c1b0 JavaThread "SCR Component Actor" daemon [_thread_blocked, id=10532, stack(0x0000002a68e00000,0x0000002a68f00000)]
  0x000001e17ee74b30 JavaThread "Worker-JM" [_thread_blocked, id=6072, stack(0x0000002a69900000,0x0000002a69a00000)]
  0x000001e17ee74660 JavaThread "Java indexing" daemon [_thread_blocked, id=2388, stack(0x0000002a6a100000,0x0000002a6a200000)]
  0x000001e17ee75000 JavaThread "JNA Cleaner" daemon [_thread_blocked, id=11512, stack(0x0000002a6a200000,0x0000002a6a300000)]
  0x000001e17ee76810 JavaThread "pool-2-thread-1" [_thread_blocked, id=2764, stack(0x0000002a6a300000,0x0000002a6a400000)]
  0x000001e17ee754d0 JavaThread "pool-1-thread-1" [_thread_blocked, id=1784, stack(0x0000002a6a400000,0x0000002a6a500000)]
  0x000001e102b597f0 JavaThread "Bundle File Closer" daemon [_thread_blocked, id=3304, stack(0x0000002a6a900000,0x0000002a6aa00000)]
  0x000001e17ee76ce0 JavaThread "ForkJoinPool.commonPool-worker-6" daemon [_thread_blocked, id=13880, stack(0x0000002a67700000,0x0000002a67800000)]
  0x000001e17ee771b0 JavaThread "ForkJoinPool.commonPool-worker-7" daemon [_thread_blocked, id=15548, stack(0x0000002a68700000,0x0000002a68800000)]
  0x000001e17ee77680 JavaThread "ForkJoinPool.commonPool-worker-8" daemon [_thread_blocked, id=5696, stack(0x0000002a68900000,0x0000002a68a00000)]
  0x000001e17ee759a0 JavaThread "ForkJoinPool.commonPool-worker-9" daemon [_thread_blocked, id=13676, stack(0x0000002a68a00000,0x0000002a68b00000)]
  0x000001e102b5d1b0 JavaThread "ForkJoinPool.commonPool-worker-10" daemon [_thread_blocked, id=15840, stack(0x0000002a69700000,0x0000002a69800000)]
  0x000001e102b5c340 JavaThread "ForkJoinPool.commonPool-worker-11" daemon [_thread_blocked, id=6400, stack(0x0000002a69f00000,0x0000002a6a000000)]
  0x000001e10f19eb80 JavaThread "Java Debug Server" daemon [_thread_in_native, id=1280, stack(0x0000002a6a600000,0x0000002a6a700000)]
  0x000001e10f19a820 JavaThread "RxSchedulerPurge-1" daemon [_thread_blocked, id=4872, stack(0x0000002a6ab00000,0x0000002a6ac00000)]
  0x000001e10f199e80 JavaThread "RxCachedWorkerPoolEvictor-1" daemon [_thread_blocked, id=24268, stack(0x0000002a6ac00000,0x0000002a6ad00000)]
  0x000001e102b5b9a0 JavaThread "ForkJoinPool.commonPool-worker-21" daemon [_thread_blocked, id=1796, stack(0x0000002a67900000,0x0000002a67a00000)]
  0x000001e102b59cc0 JavaThread "ForkJoinPool.commonPool-worker-22" daemon [_thread_blocked, id=22884, stack(0x0000002a67800000,0x0000002a67900000)]
  0x000001e10f19d370 JavaThread "ForkJoinPool.commonPool-worker-29" daemon [_thread_blocked, id=14804, stack(0x0000002a6ae00000,0x0000002a6af00000)]
  0x000001e17f81a080 JavaThread "Worker-11" [_thread_blocked, id=23512, stack(0x0000002a69e00000,0x0000002a69f00000)]
  0x000001e17f812d00 JavaThread "ForkJoinPool.commonPool-worker-31" daemon [_thread_blocked, id=21640, stack(0x0000002a6a800000,0x0000002a6a900000)]
  0x000001e17f8161f0 JavaThread "Worker-12" [_thread_blocked, id=5132, stack(0x0000002a6b000000,0x0000002a6b100000)]
  0x000001e103d7f130 JavaThread "ForkJoinPool.commonPool-worker-35" daemon [_thread_blocked, id=20584, stack(0x0000002a69800000,0x0000002a69900000)]
  0x000001e103d7ffa0 JavaThread "Worker-15" [_thread_blocked, id=9000, stack(0x0000002a6a500000,0x0000002a6a600000)]
  0x000001e103d812e0 JavaThread "ForkJoinPool.commonPool-worker-36" daemon [_thread_blocked, id=11396, stack(0x0000002a6a700000,0x0000002a6a800000)]
  0x000001e103d82150 JavaThread "ForkJoinPool.commonPool-worker-37" daemon [_thread_blocked, id=4980, stack(0x0000002a6aa00000,0x0000002a6ab00000)]
  0x000001e103d82fc0 JavaThread "ForkJoinPool.commonPool-worker-38" daemon [_thread_blocked, id=9696, stack(0x0000002a6ad00000,0x0000002a6ae00000)]
  0x000001e103d847d0 JavaThread "ForkJoinPool.commonPool-worker-39" daemon [_thread_blocked, id=8836, stack(0x0000002a6af00000,0x0000002a6b000000)]
  0x000001e103d82620 JavaThread "pool-1-thread-19" [_thread_blocked, id=12668, stack(0x0000002a6b100000,0x0000002a6b200000)]

Other Threads:
  0x000001e1660d24b0 VMThread "VM Thread" [stack: 0x0000002a67c00000,0x0000002a67d00000] [id=4164]
  0x000001e17d90d670 WatcherThread [stack: 0x0000002a68c00000,0x0000002a68d00000] [id=13888]
  0x000001e166060980 GCTaskThread "GC Thread#0" [stack: 0x0000002a67b00000,0x0000002a67c00000] [id=4792]
  0x000001e17dd4cdb0 GCTaskThread "GC Thread#1" [stack: 0x0000002a69000000,0x0000002a69100000] [id=24244]
  0x000001e17df325b0 GCTaskThread "GC Thread#2" [stack: 0x0000002a69100000,0x0000002a69200000] [id=10388]
  0x000001e17db89e70 GCTaskThread "GC Thread#3" [stack: 0x0000002a69200000,0x0000002a69300000] [id=18360]
=>0x000001e17db8a120 GCTaskThread "GC Thread#4" [stack: 0x0000002a69300000,0x0000002a69400000] [id=16856]
  0x000001e17db8a7e0 GCTaskThread "GC Thread#5" [stack: 0x0000002a69400000,0x0000002a69500000] [id=9020]
  0x000001e17ee69bf0 GCTaskThread "GC Thread#6" [stack: 0x0000002a68f00000,0x0000002a69000000] [id=10844]
  0x000001e17ee69ea0 GCTaskThread "GC Thread#7" [stack: 0x0000002a69600000,0x0000002a69700000] [id=3432]
  0x000001e17eff3960 GCTaskThread "GC Thread#8" [stack: 0x0000002a69a00000,0x0000002a69b00000] [id=9928]
  0x000001e17eff2ea0 GCTaskThread "GC Thread#9" [stack: 0x0000002a69b00000,0x0000002a69c00000] [id=4524]
  0x000001e17eff3150 GCTaskThread "GC Thread#10" [stack: 0x0000002a69c00000,0x0000002a69d00000] [id=7040]
  0x000001e17eff2690 GCTaskThread "GC Thread#11" [stack: 0x0000002a69d00000,0x0000002a69e00000] [id=8468]
  0x000001e17eff2940 GCTaskThread "GC Thread#12" [stack: 0x0000002a6a000000,0x0000002a6a100000] [id=22868]

Threads with active compile tasks:

VM state: at safepoint (normal execution)

VM Mutex/Monitor currently owned by a thread:  ([mutex/lock_event])
[0x000001e166046bb0] Threads_lock - owner thread: 0x000001e1660d24b0
[0x000001e166046730] Heap_lock - owner thread: 0x000001e17ee74660

Heap address: 0x00000000c0000000, size: 1024 MB, Compressed Oops mode: 32-bit

CDS archive(s) not mapped
Compressed class space mapped at: 0x0000000100000000-0x0000000140000000, reserved size: 1073741824
Narrow klass base: 0x0000000000000000, Narrow klass shift: 3, Narrow klass range: 0x140000000

GC Precious Log:
 CPUs: 16 total, 16 available
 Memory: 32702M
 Large Page Support: Disabled
 NUMA Support: Disabled
 Compressed Oops: Enabled (32-bit)
 Alignments: Space 512K, Generation 512K, Heap 2M
 Heap Min Capacity: 100M
 Heap Initial Capacity: 100M
 Heap Max Capacity: 1G
 Pre-touch: Disabled
 Parallel Workers: 13

Heap:
 PSYoungGen      total 2560K, used 2539K [0x00000000eab00000, 0x00000000eb200000, 0x0000000100000000)
  eden space 2048K, 99% used [0x00000000eab00000,0x00000000eacfffe8,0x00000000ead00000)
  from space 512K, 96% used [0x00000000eb000000,0x00000000eb07b000,0x00000000eb080000)
  to   space 2560K, 79% used [0x00000000ead00000,0x00000000eaefc430,0x00000000eaf80000)
 ParOldGen       total 169472K, used 144871K [0x00000000c0000000, 0x00000000ca580000, 0x00000000eab00000)
  object space 169472K, 85% used [0x00000000c0000000,0x00000000c8d79de0,0x00000000ca580000)
 Metaspace       used 90515K, committed 91712K, reserved 1138688K
  class space    used 9171K, committed 9728K, reserved 1048576K

Card table byte_map: [0x000001e1659f0000,0x000001e165c00000] _byte_map_base: 0x000001e1653f0000

Marking Bits: (ParMarkBitMap*) 0x00007ffb7fb52cc0
 Begin Bits: [0x000001e177cd0000, 0x000001e178cd0000)
 End Bits:   [0x000001e178cd0000, 0x000001e179cd0000)

Polling page: 0x000001e163e90000

Metaspace:

Usage:
  Non-class:     79.44 MB used.
      Class:      8.96 MB used.
       Both:     88.39 MB used.

Virtual space:
  Non-class space:       88.00 MB reserved,      80.06 MB ( 91%) committed,  11 nodes.
      Class space:        1.00 GB reserved,       9.50 MB ( <1%) committed,  1 nodes.
             Both:        1.09 GB reserved,      89.56 MB (  8%) committed. 

Chunk freelists:
   Non-Class:  3.82 MB
       Class:  2.55 MB
        Both:  6.36 MB

MaxMetaspaceSize: unlimited
CompressedClassSpaceSize: 1.00 GB
Initial GC threshold: 21.00 MB
Current GC threshold: 149.31 MB
CDS: off
MetaspaceReclaimPolicy: balanced
 - commit_granule_bytes: 65536.
 - commit_granule_words: 8192.
 - virtual_space_node_default_size: 1048576.
 - enlarge_chunks_in_place: 1.
 - new_chunks_are_fully_committed: 0.
 - uncommit_free_chunks: 1.
 - use_allocation_guard: 0.
 - handle_deallocations: 1.


Internal statistics:

num_allocs_failed_limit: 9.
num_arena_births: 732.
num_arena_deaths: 134.
num_vsnodes_births: 12.
num_vsnodes_deaths: 0.
num_space_committed: 1433.
num_space_uncommitted: 0.
num_chunks_returned_to_freelist: 166.
num_chunks_taken_from_freelist: 4292.
num_chunk_merges: 51.
num_chunk_splits: 2729.
num_chunks_enlarged: 1752.
num_purges: 8.
num_inconsistent_stats: 0.

CodeHeap 'non-profiled nmethods': size=119168Kb used=24232Kb max_used=24232Kb free=94935Kb
 bounds [0x000001e170870000, 0x000001e172020000, 0x000001e177cd0000]
CodeHeap 'profiled nmethods': size=119104Kb used=36327Kb max_used=36327Kb free=82776Kb
 bounds [0x000001e169420000, 0x000001e16b7b0000, 0x000001e170870000]
CodeHeap 'non-nmethods': size=7488Kb used=1448Kb max_used=3294Kb free=6039Kb
 bounds [0x000001e168cd0000, 0x000001e169040000, 0x000001e169420000]
 total_blobs=18275 nmethods=17468 adapters=716
 compilation: enabled
              stopped_count=0, restarted_count=0
 full_count=0

Compilation events (20 events):
Event: 3843.352 Thread 0x000001e17b9fe5f0 23940       4       org.eclipse.jdt.internal.core.SourceMethodElementInfo::getTypeParameterNames (51 bytes)
Event: 3843.352 Thread 0x000001e17b9fe5f0 nmethod 23940 0x000001e172014e90 code [0x000001e172015000, 0x000001e1720150b8]
Event: 3843.829 Thread 0x000001e17b9fe5f0 23941       4       org.eclipse.jdt.internal.compiler.lookup.TypeBinding::qualifiedPackageName (30 bytes)
Event: 3843.833 Thread 0x000001e17b9fe5f0 nmethod 23941 0x000001e172015190 code [0x000001e172015340, 0x000001e172015838]
Event: 3844.627 Thread 0x000001e17b9fe5f0 23942       4       org.eclipse.jdt.internal.compiler.lookup.BinaryTypeBinding::isHierarchyConnected (32 bytes)
Event: 3844.628 Thread 0x000001e17b9fe5f0 nmethod 23942 0x000001e172015b90 code [0x000001e172015d00, 0x000001e172015db8]
Event: 3845.262 Thread 0x000001e17b9fefa0 23943       3       org.eclipse.jdt.ls.core.internal.corext.refactoring.code.ExtractTempRefactoring::checkExpression (165 bytes)
Event: 3845.262 Thread 0x000001e17b9fefa0 nmethod 23943 0x000001e16b79eb90 code [0x000001e16b79ee80, 0x000001e16b7a0128]
Event: 3845.262 Thread 0x000001e17b9fefa0 23944       3       org.eclipse.jdt.ls.core.internal.corext.refactoring.code.ExtractTempRefactoring::isReferringToLocalVariableFromFor (150 bytes)
Event: 3845.263 Thread 0x000001e17b9fefa0 nmethod 23944 0x000001e16b7a0390 code [0x000001e16b7a0680, 0x000001e16b7a1b98]
Event: 3845.466 Thread 0x000001e17b9fe5f0 23945       4       org.eclipse.jdt.internal.compiler.lookup.SourceTypeBinding::isGenericType (29 bytes)
Event: 3845.466 Thread 0x000001e17b9fe5f0 nmethod 23945 0x000001e172015e90 code [0x000001e172016000, 0x000001e1720160b8]
Event: 3846.708 Thread 0x000001e17b9fe5f0 23946       4       org.eclipse.jdt.internal.compiler.lookup.SourceTypeBinding::syntheticMethods (171 bytes)
Event: 3846.715 Thread 0x000001e17b9fe5f0 nmethod 23946 0x000001e172016190 code [0x000001e172016360, 0x000001e172016c48]
Event: 3847.221 Thread 0x000001e17b9fefa0 23947       3       org.eclipse.jdt.ls.core.internal.corrections.RefactorProcessor::getIntroduceParameterProposals (42 bytes)
Event: 3847.221 Thread 0x000001e17b9fefa0 nmethod 23947 0x000001e16b7a2210 code [0x000001e16b7a2420, 0x000001e16b7a2a68]
Event: 3847.631 Thread 0x000001e17b9fe5f0 23948       4       org.eclipse.jdt.internal.corext.codemanipulation.GetterSetterUtil::getGetter (72 bytes)
Event: 3847.644 Thread 0x000001e17b9fe5f0 nmethod 23948 0x000001e172017310 code [0x000001e1720175e0, 0x000001e172018d60]
Event: 3847.644 Thread 0x000001e17b9fe5f0 23949   !   4       org.eclipse.jdt.ls.core.internal.codemanipulation.GenerateGetterSetterOperation::$SWITCH_TABLE$org$eclipse$jdt$ls$core$internal$codemanipulation$GenerateGetterSetterOperation$AccessorKind (61 bytes)
Event: 3847.644 Thread 0x000001e17b9fe5f0 nmethod 23949 0x000001e172019f90 code [0x000001e17201a100, 0x000001e17201a198]

GC Heap History (20 events):
Event: 3847.353 GC heap after
{Heap after GC invocations=5818 (full 153):
 PSYoungGen      total 5632K, used 576K [0x00000000eab00000, 0x00000000eb180000, 0x0000000100000000)
  eden space 3584K, 0% used [0x00000000eab00000,0x00000000eab00000,0x00000000eae80000)
  from space 2048K, 28% used [0x00000000eae80000,0x00000000eaf10000,0x00000000eb080000)
  to   space 1024K, 0% used [0x00000000eb080000,0x00000000eb080000,0x00000000eb180000)
 ParOldGen       total 173056K, used 168117K [0x00000000c0000000, 0x00000000ca900000, 0x00000000eab00000)
  object space 173056K, 97% used [0x00000000c0000000,0x00000000ca42d7c8,0x00000000ca900000)
 Metaspace       used 90518K, committed 91712K, reserved 1138688K
  class space    used 9171K, committed 9728K, reserved 1048576K
}
Event: 3847.361 GC heap before
{Heap before GC invocations=5819 (full 153):
 PSYoungGen      total 5632K, used 4159K [0x00000000eab00000, 0x00000000eb180000, 0x0000000100000000)
  eden space 3584K, 99% used [0x00000000eab00000,0x00000000eae7fd28,0x00000000eae80000)
  from space 2048K, 28% used [0x00000000eae80000,0x00000000eaf10000,0x00000000eb080000)
  to   space 1024K, 0% used [0x00000000eb080000,0x00000000eb080000,0x00000000eb180000)
 ParOldGen       total 173056K, used 168117K [0x00000000c0000000, 0x00000000ca900000, 0x00000000eab00000)
  object space 173056K, 97% used [0x00000000c0000000,0x00000000ca42d7c8,0x00000000ca900000)
 Metaspace       used 90518K, committed 91712K, reserved 1138688K
  class space    used 9171K, committed 9728K, reserved 1048576K
}
Event: 3847.362 GC heap after
{Heap after GC invocations=5819 (full 153):
 PSYoungGen      total 4608K, used 672K [0x00000000eab00000, 0x00000000eb180000, 0x0000000100000000)
  eden space 3584K, 0% used [0x00000000eab00000,0x00000000eab00000,0x00000000eae80000)
  from space 1024K, 65% used [0x00000000eb080000,0x00000000eb128000,0x00000000eb180000)
  to   space 1024K, 0% used [0x00000000eaf80000,0x00000000eaf80000,0x00000000eb080000)
 ParOldGen       total 173056K, used 168117K [0x00000000c0000000, 0x00000000ca900000, 0x00000000eab00000)
  object space 173056K, 97% used [0x00000000c0000000,0x00000000ca42d7c8,0x00000000ca900000)
 Metaspace       used 90518K, committed 91712K, reserved 1138688K
  class space    used 9171K, committed 9728K, reserved 1048576K
}
Event: 3848.000 GC heap before
{Heap before GC invocations=5820 (full 153):
 PSYoungGen      total 4608K, used 4163K [0x00000000eab00000, 0x00000000eb180000, 0x0000000100000000)
  eden space 3584K, 97% used [0x00000000eab00000,0x00000000eae68c68,0x00000000eae80000)
  from space 1024K, 65% used [0x00000000eb080000,0x00000000eb128000,0x00000000eb180000)
  to   space 1024K, 0% used [0x00000000eaf80000,0x00000000eaf80000,0x00000000eb080000)
 ParOldGen       total 173056K, used 168117K [0x00000000c0000000, 0x00000000ca900000, 0x00000000eab00000)
  object space 173056K, 97% used [0x00000000c0000000,0x00000000ca42d7c8,0x00000000ca900000)
 Metaspace       used 90518K, committed 91712K, reserved 1138688K
  class space    used 9171K, committed 9728K, reserved 1048576K
}
Event: 3848.001 GC heap after
{Heap after GC invocations=5820 (full 153):
 PSYoungGen      total 4608K, used 1001K [0x00000000eab00000, 0x00000000eb180000, 0x0000000100000000)
  eden space 3584K, 0% used [0x00000000eab00000,0x00000000eab00000,0x00000000eae80000)
  from space 1024K, 97% used [0x00000000eaf80000,0x00000000eb07a540,0x00000000eb080000)
  to   space 1024K, 0% used [0x00000000eb080000,0x00000000eb080000,0x00000000eb180000)
 ParOldGen       total 173056K, used 168141K [0x00000000c0000000, 0x00000000ca900000, 0x00000000eab00000)
  object space 173056K, 97% used [0x00000000c0000000,0x00000000ca4337c8,0x00000000ca900000)
 Metaspace       used 90518K, committed 91712K, reserved 1138688K
  class space    used 9171K, committed 9728K, reserved 1048576K
}
Event: 3848.005 GC heap before
{Heap before GC invocations=5821 (full 153):
 PSYoungGen      total 4608K, used 4585K [0x00000000eab00000, 0x00000000eb180000, 0x0000000100000000)
  eden space 3584K, 100% used [0x00000000eab00000,0x00000000eae80000,0x00000000eae80000)
  from space 1024K, 97% used [0x00000000eaf80000,0x00000000eb07a540,0x00000000eb080000)
  to   space 1024K, 0% used [0x00000000eb080000,0x00000000eb080000,0x00000000eb180000)
 ParOldGen       total 173056K, used 168141K [0x00000000c0000000, 0x00000000ca900000, 0x00000000eab00000)
  object space 173056K, 97% used [0x00000000c0000000,0x00000000ca4337c8,0x00000000ca900000)
 Metaspace       used 90518K, committed 91712K, reserved 1138688K
  class space    used 9171K, committed 9728K, reserved 1048576K
}
Event: 3848.006 GC heap after
{Heap after GC invocations=5821 (full 153):
 PSYoungGen      total 1536K, used 1010K [0x00000000eab00000, 0x00000000eb880000, 0x0000000100000000)
  eden space 512K, 0% used [0x00000000eab00000,0x00000000eab00000,0x00000000eab80000)
  from space 1024K, 98% used [0x00000000eb080000,0x00000000eb17ca80,0x00000000eb180000)
  to   space 5120K, 0% used [0x00000000eab80000,0x00000000eab80000,0x00000000eb080000)
 ParOldGen       total 173056K, used 171555K [0x00000000c0000000, 0x00000000ca900000, 0x00000000eab00000)
  object space 173056K, 99% used [0x00000000c0000000,0x00000000ca788c68,0x00000000ca900000)
 Metaspace       used 90518K, committed 91712K, reserved 1138688K
  class space    used 9171K, committed 9728K, reserved 1048576K
}
Event: 3848.006 GC heap before
{Heap before GC invocations=5822 (full 154):
 PSYoungGen      total 1536K, used 1010K [0x00000000eab00000, 0x00000000eb880000, 0x0000000100000000)
  eden space 512K, 0% used [0x00000000eab00000,0x00000000eab00000,0x00000000eab80000)
  from space 1024K, 98% used [0x00000000eb080000,0x00000000eb17ca80,0x00000000eb180000)
  to   space 5120K, 0% used [0x00000000eab80000,0x00000000eab80000,0x00000000eb080000)
 ParOldGen       total 173056K, used 171555K [0x00000000c0000000, 0x00000000ca900000, 0x00000000eab00000)
  object space 173056K, 99% used [0x00000000c0000000,0x00000000ca788c68,0x00000000ca900000)
 Metaspace       used 90518K, committed 91712K, reserved 1138688K
  class space    used 9171K, committed 9728K, reserved 1048576K
}
Event: 3848.070 GC heap after
{Heap after GC invocations=5822 (full 154):
 PSYoungGen      total 5632K, used 0K [0x00000000eab00000, 0x00000000eb580000, 0x0000000100000000)
  eden space 512K, 0% used [0x00000000eab00000,0x00000000eab00000,0x00000000eab80000)
  from space 5120K, 0% used [0x00000000eab80000,0x00000000eab80000,0x00000000eb080000)
  to   space 5120K, 0% used [0x00000000eb080000,0x00000000eb080000,0x00000000eb580000)
 ParOldGen       total 169472K, used 141327K [0x00000000c0000000, 0x00000000ca580000, 0x00000000eab00000)
  object space 169472K, 83% used [0x00000000c0000000,0x00000000c8a03de0,0x00000000ca580000)
 Metaspace       used 90515K, committed 91712K, reserved 1138688K
  class space    used 9171K, committed 9728K, reserved 1048576K
}
Event: 3848.072 GC heap before
{Heap before GC invocations=5823 (full 154):
 PSYoungGen      total 5632K, used 512K [0x00000000eab00000, 0x00000000eb580000, 0x0000000100000000)
  eden space 512K, 100% used [0x00000000eab00000,0x00000000eab80000,0x00000000eab80000)
  from space 5120K, 0% used [0x00000000eab80000,0x00000000eab80000,0x00000000eb080000)
  to   space 5120K, 0% used [0x00000000eb080000,0x00000000eb080000,0x00000000eb580000)
 ParOldGen       total 169472K, used 141327K [0x00000000c0000000, 0x00000000ca580000, 0x00000000eab00000)
  object space 169472K, 83% used [0x00000000c0000000,0x00000000c8a03de0,0x00000000ca580000)
 Metaspace       used 90515K, committed 91712K, reserved 1138688K
  class space    used 9171K, committed 9728K, reserved 1048576K
}
Event: 3848.072 GC heap after
{Heap after GC invocations=5823 (full 154):
 PSYoungGen      total 1536K, used 640K [0x00000000eab00000, 0x00000000eb180000, 0x0000000100000000)
  eden space 512K, 0% used [0x00000000eab00000,0x00000000eab00000,0x00000000eab80000)
  from space 1024K, 62% used [0x00000000eb080000,0x00000000eb120000,0x00000000eb180000)
  to   space 2048K, 0% used [0x00000000ead80000,0x00000000ead80000,0x00000000eaf80000)
 ParOldGen       total 169472K, used 141327K [0x00000000c0000000, 0x00000000ca580000, 0x00000000eab00000)
  object space 169472K, 83% used [0x00000000c0000000,0x00000000c8a03de0,0x00000000ca580000)
 Metaspace       used 90515K, committed 91712K, reserved 1138688K
  class space    used 9171K, committed 9728K, reserved 1048576K
}
Event: 3848.073 GC heap before
{Heap before GC invocations=5824 (full 154):
 PSYoungGen      total 1536K, used 1152K [0x00000000eab00000, 0x00000000eb180000, 0x0000000100000000)
  eden space 512K, 100% used [0x00000000eab00000,0x00000000eab80000,0x00000000eab80000)
  from space 1024K, 62% used [0x00000000eb080000,0x00000000eb120000,0x00000000eb180000)
  to   space 2048K, 0% used [0x00000000ead80000,0x00000000ead80000,0x00000000eaf80000)
 ParOldGen       total 169472K, used 141327K [0x00000000c0000000, 0x00000000ca580000, 0x00000000eab00000)
  object space 169472K, 83% used [0x00000000c0000000,0x00000000c8a03de0,0x00000000ca580000)
 Metaspace       used 90515K, committed 91712K, reserved 1138688K
  class space    used 9171K, committed 9728K, reserved 1048576K
}
Event: 3848.074 GC heap after
{Heap after GC invocations=5824 (full 154):
 PSYoungGen      total 2560K, used 672K [0x00000000eab00000, 0x00000000eb100000, 0x0000000100000000)
  eden space 512K, 0% used [0x00000000eab00000,0x00000000eab00000,0x00000000eab80000)
  from space 2048K, 32% used [0x00000000ead80000,0x00000000eae28000,0x00000000eaf80000)
  to   space 1024K, 0% used [0x00000000eb000000,0x00000000eb000000,0x00000000eb100000)
 ParOldGen       total 169472K, used 141847K [0x00000000c0000000, 0x00000000ca580000, 0x00000000eab00000)
  object space 169472K, 83% used [0x00000000c0000000,0x00000000c8a85de0,0x00000000ca580000)
 Metaspace       used 90515K, committed 91712K, reserved 1138688K
  class space    used 9171K, committed 9728K, reserved 1048576K
}
Event: 3848.075 GC heap before
{Heap before GC invocations=5825 (full 154):
 PSYoungGen      total 2560K, used 1184K [0x00000000eab00000, 0x00000000eb100000, 0x0000000100000000)
  eden space 512K, 100% used [0x00000000eab00000,0x00000000eab80000,0x00000000eab80000)
  from space 2048K, 32% used [0x00000000ead80000,0x00000000eae28000,0x00000000eaf80000)
  to   space 1024K, 0% used [0x00000000eb000000,0x00000000eb000000,0x00000000eb100000)
 ParOldGen       total 169472K, used 141847K [0x00000000c0000000, 0x00000000ca580000, 0x00000000eab00000)
  object space 169472K, 83% used [0x00000000c0000000,0x00000000c8a85de0,0x00000000ca580000)
 Metaspace       used 90515K, committed 91712K, reserved 1138688K
  class space    used 9171K, committed 9728K, reserved 1048576K
}
Event: 3848.076 GC heap after
{Heap after GC invocations=5825 (full 154):
 PSYoungGen      total 2048K, used 608K [0x00000000eab00000, 0x00000000eb100000, 0x0000000100000000)
  eden space 1024K, 0% used [0x00000000eab00000,0x00000000eab00000,0x00000000eac00000)
  from space 1024K, 59% used [0x00000000eb000000,0x00000000eb098000,0x00000000eb100000)
  to   space 1024K, 0% used [0x00000000eaf00000,0x00000000eaf00000,0x00000000eb000000)
 ParOldGen       total 169472K, used 142359K [0x00000000c0000000, 0x00000000ca580000, 0x00000000eab00000)
  object space 169472K, 84% used [0x00000000c0000000,0x00000000c8b05de0,0x00000000ca580000)
 Metaspace       used 90515K, committed 91712K, reserved 1138688K
  class space    used 9171K, committed 9728K, reserved 1048576K
}
Event: 3848.078 GC heap before
{Heap before GC invocations=5826 (full 154):
 PSYoungGen      total 2048K, used 1631K [0x00000000eab00000, 0x00000000eb100000, 0x0000000100000000)
  eden space 1024K, 99% used [0x00000000eab00000,0x00000000eabfffb8,0x00000000eac00000)
  from space 1024K, 59% used [0x00000000eb000000,0x00000000eb098000,0x00000000eb100000)
  to   space 1024K, 0% used [0x00000000eaf00000,0x00000000eaf00000,0x00000000eb000000)
 ParOldGen       total 169472K, used 142359K [0x00000000c0000000, 0x00000000ca580000, 0x00000000eab00000)
  object space 169472K, 84% used [0x00000000c0000000,0x00000000c8b05de0,0x00000000ca580000)
 Metaspace       used 90515K, committed 91712K, reserved 1138688K
  class space    used 9171K, committed 9728K, reserved 1048576K
}
Event: 3848.079 GC heap after
{Heap after GC invocations=5826 (full 154):
 PSYoungGen      total 2560K, used 1024K [0x00000000eab00000, 0x00000000eb080000, 0x0000000100000000)
  eden space 1536K, 0% used [0x00000000eab00000,0x00000000eab00000,0x00000000eac80000)
  from space 1024K, 100% used [0x00000000eaf00000,0x00000000eb000000,0x00000000eb000000)
  to   space 512K, 0% used [0x00000000eb000000,0x00000000eb000000,0x00000000eb080000)
 ParOldGen       total 169472K, used 142927K [0x00000000c0000000, 0x00000000ca580000, 0x00000000eab00000)
  object space 169472K, 84% used [0x00000000c0000000,0x00000000c8b93de0,0x00000000ca580000)
 Metaspace       used 90515K, committed 91712K, reserved 1138688K
  class space    used 9171K, committed 9728K, reserved 1048576K
}
Event: 3848.082 GC heap before
{Heap before GC invocations=5827 (full 154):
 PSYoungGen      total 2560K, used 2491K [0x00000000eab00000, 0x00000000eb080000, 0x0000000100000000)
  eden space 1536K, 95% used [0x00000000eab00000,0x00000000eac6ef88,0x00000000eac80000)
  from space 1024K, 100% used [0x00000000eaf00000,0x00000000eb000000,0x00000000eb000000)
  to   space 512K, 0% used [0x00000000eb000000,0x00000000eb000000,0x00000000eb080000)
 ParOldGen       total 169472K, used 142927K [0x00000000c0000000, 0x00000000ca580000, 0x00000000eab00000)
  object space 169472K, 84% used [0x00000000c0000000,0x00000000c8b93de0,0x00000000ca580000)
 Metaspace       used 90515K, committed 91712K, reserved 1138688K
  class space    used 9171K, committed 9728K, reserved 1048576K
}
Event: 3848.084 GC heap after
{Heap after GC invocations=5827 (full 154):
 PSYoungGen      total 2560K, used 492K [0x00000000eab00000, 0x00000000eb200000, 0x0000000100000000)
  eden space 2048K, 0% used [0x00000000eab00000,0x00000000eab00000,0x00000000ead00000)
  from space 512K, 96% used [0x00000000eb000000,0x00000000eb07b000,0x00000000eb080000)
  to   space 2560K, 0% used [0x00000000ead00000,0x00000000ead00000,0x00000000eaf80000)
 ParOldGen       total 169472K, used 144679K [0x00000000c0000000, 0x00000000ca580000, 0x00000000eab00000)
  object space 169472K, 85% used [0x00000000c0000000,0x00000000c8d49de0,0x00000000ca580000)
 Metaspace       used 90515K, committed 91712K, reserved 1138688K
  class space    used 9171K, committed 9728K, reserved 1048576K
}
Event: 3848.103 GC heap before
{Heap before GC invocations=5828 (full 154):
 PSYoungGen      total 2560K, used 2539K [0x00000000eab00000, 0x00000000eb200000, 0x0000000100000000)
  eden space 2048K, 99% used [0x00000000eab00000,0x00000000eacfffe8,0x00000000ead00000)
  from space 512K, 96% used [0x00000000eb000000,0x00000000eb07b000,0x00000000eb080000)
  to   space 2560K, 0% used [0x00000000ead00000,0x00000000ead00000,0x00000000eaf80000)
 ParOldGen       total 169472K, used 144679K [0x00000000c0000000, 0x00000000ca580000, 0x00000000eab00000)
  object space 169472K, 85% used [0x00000000c0000000,0x00000000c8d49de0,0x00000000ca580000)
 Metaspace       used 90515K, committed 91712K, reserved 1138688K
  class space    used 9171K, committed 9728K, reserved 1048576K
}

Deoptimization events (20 events):
Event: 3401.266 Thread 0x000001e103d7ddf0 DEOPT PACKING pc=0x000001e17155c910 sp=0x0000002a6a5fe850
Event: 3401.266 Thread 0x000001e103d7ddf0 DEOPT UNPACKING pc=0x000001e168d220a3 sp=0x0000002a6a5fe7d0 mode 2
Event: 3404.109 Thread 0x000001e103d7ddf0 Uncommon trap: trap_request=0xffffff45 fr.pc=0x000001e1712703e4 relative=0x00000000000000e4
Event: 3404.109 Thread 0x000001e103d7ddf0 Uncommon trap: reason=unstable_if action=reinterpret pc=0x000001e1712703e4 method=org.eclipse.jdt.core.search.SearchPattern.<init>(I)V @ 37 c2
Event: 3404.109 Thread 0x000001e103d7ddf0 DEOPT PACKING pc=0x000001e1712703e4 sp=0x0000002a6a5fe390
Event: 3404.109 Thread 0x000001e103d7ddf0 DEOPT UNPACKING pc=0x000001e168d220a3 sp=0x0000002a6a5fe2b8 mode 2
Event: 3406.595 Thread 0x000001e103d7fad0 Uncommon trap: trap_request=0xffffffc6 fr.pc=0x000001e1718e7784 relative=0x0000000000001244
Event: 3406.595 Thread 0x000001e103d7fad0 Uncommon trap: reason=bimorphic_or_optimized_type_check action=maybe_recompile pc=0x000001e1718e7784 method=org.eclipse.jdt.internal.compiler.lookup.MethodBinding.signature()[C @ 198 c2
Event: 3406.595 Thread 0x000001e103d7fad0 DEOPT PACKING pc=0x000001e1718e7784 sp=0x0000002a6a7fe270
Event: 3406.595 Thread 0x000001e103d7fad0 DEOPT UNPACKING pc=0x000001e168d220a3 sp=0x0000002a6a7fe220 mode 2
Event: 3760.365 Thread 0x000001e103d847d0 DEOPT PACKING pc=0x000001e16b66adf2 sp=0x0000002a6affddf0
Event: 3760.365 Thread 0x000001e103d847d0 DEOPT UNPACKING pc=0x000001e168d22843 sp=0x0000002a6affd318 mode 0
Event: 3841.344 Thread 0x000001e103d847d0 Uncommon trap: trap_request=0xffffff45 fr.pc=0x000001e171915164 relative=0x00000000000001c4
Event: 3841.344 Thread 0x000001e103d847d0 Uncommon trap: reason=unstable_if action=reinterpret pc=0x000001e171915164 method=org.eclipse.jdt.core.dom.ASTRecoveryPropagator.visitNode(Lorg/eclipse/jdt/core/dom/ASTNode;)Z @ 133 c2
Event: 3841.344 Thread 0x000001e103d847d0 DEOPT PACKING pc=0x000001e171915164 sp=0x0000002a6affe230
Event: 3841.344 Thread 0x000001e103d847d0 DEOPT UNPACKING pc=0x000001e168d220a3 sp=0x0000002a6affe140 mode 2
Event: 3847.193 Thread 0x000001e103d847d0 Uncommon trap: trap_request=0xffffff45 fr.pc=0x000001e171e3f358 relative=0x00000000000006b8
Event: 3847.193 Thread 0x000001e103d847d0 Uncommon trap: reason=unstable_if action=reinterpret pc=0x000001e171e3f358 method=org.eclipse.jdt.core.dom.ASTConverter.setInfixSourcePositions(Lorg/eclipse/jdt/core/dom/InfixExpression;I)V @ 70 c2
Event: 3847.193 Thread 0x000001e103d847d0 DEOPT PACKING pc=0x000001e171e3f358 sp=0x0000002a6affe0a0
Event: 3847.193 Thread 0x000001e103d847d0 DEOPT UNPACKING pc=0x000001e168d220a3 sp=0x0000002a6affe060 mode 2

Classes unloaded (20 events):
Event: 1935.454 Thread 0x000001e1660d24b0 Unloading class 0x000000010082d000 'java/lang/invoke/LambdaForm$MH+0x000000010082d000'
Event: 1935.454 Thread 0x000001e1660d24b0 Unloading class 0x000000010082cc00 'java/lang/invoke/LambdaForm$MH+0x000000010082cc00'
Event: 1935.454 Thread 0x000001e1660d24b0 Unloading class 0x000000010082c800 'java/lang/invoke/LambdaForm$MH+0x000000010082c800'
Event: 1935.454 Thread 0x000001e1660d24b0 Unloading class 0x00000001007cf400 'java/lang/invoke/LambdaForm$MH+0x00000001007cf400'
Event: 1935.454 Thread 0x000001e1660d24b0 Unloading class 0x00000001007cf000 'java/lang/invoke/LambdaForm$MH+0x00000001007cf000'
Event: 1935.454 Thread 0x000001e1660d24b0 Unloading class 0x00000001007ce800 'java/lang/invoke/LambdaForm$MH+0x00000001007ce800'
Event: 1935.454 Thread 0x000001e1660d24b0 Unloading class 0x0000000100548000 'jdk/internal/reflect/GeneratedConstructorAccessor30'
Event: 1935.454 Thread 0x000001e1660d24b0 Unloading class 0x00000001004ed400 'jdk/internal/reflect/GeneratedConstructorAccessor29'
Event: 1935.454 Thread 0x000001e1660d24b0 Unloading class 0x00000001004ed000 'jdk/internal/reflect/GeneratedConstructorAccessor28'
Event: 1935.454 Thread 0x000001e1660d24b0 Unloading class 0x00000001004ec800 'jdk/internal/reflect/GeneratedConstructorAccessor26'
Event: 1935.454 Thread 0x000001e1660d24b0 Unloading class 0x00000001004ec400 'jdk/internal/reflect/GeneratedConstructorAccessor25'
Event: 1935.454 Thread 0x000001e1660d24b0 Unloading class 0x00000001004ec000 'jdk/internal/reflect/GeneratedConstructorAccessor24'
Event: 1935.454 Thread 0x000001e1660d24b0 Unloading class 0x0000000100355000 'java/lang/invoke/LambdaForm$MH+0x0000000100355000'
Event: 1935.454 Thread 0x000001e1660d24b0 Unloading class 0x0000000100354c00 'java/lang/invoke/LambdaForm$MH+0x0000000100354c00'
Event: 1935.454 Thread 0x000001e1660d24b0 Unloading class 0x0000000100354800 'java/lang/invoke/LambdaForm$MH+0x0000000100354800'
Event: 1935.454 Thread 0x000001e1660d24b0 Unloading class 0x0000000100354400 'java/lang/invoke/LambdaForm$MH+0x0000000100354400'
Event: 1935.454 Thread 0x000001e1660d24b0 Unloading class 0x00000001002e4000 'java/lang/invoke/LambdaForm$MH+0x00000001002e4000'
Event: 1935.454 Thread 0x000001e1660d24b0 Unloading class 0x00000001001a0800 'java/lang/invoke/LambdaForm$MH+0x00000001001a0800'
Event: 1935.454 Thread 0x000001e1660d24b0 Unloading class 0x00000001001a0000 'java/lang/invoke/LambdaForm$MH+0x00000001001a0000'
Event: 3848.022 Thread 0x000001e1660d24b0 Unloading class 0x00000001007ce800 'jdk/internal/reflect/GeneratedConstructorAccessor74'

Classes redefined (0 events):
No events

Internal exceptions (20 events):
Event: 3754.990 Thread 0x000001e17ee74660 Exception <a 'sun/nio/fs/WindowsException'{0x00000000eac5d740}> (0x00000000eac5d740) 
thrown [s\src\hotspot\share\prims\jni.cpp, line 516]
Event: 3758.966 Thread 0x000001e17ee74660 Exception <a 'sun/nio/fs/WindowsException'{0x00000000eacfc400}> (0x00000000eacfc400) 
thrown [s\src\hotspot\share\prims\jni.cpp, line 516]
Event: 3759.104 Thread 0x000001e17ee74660 Exception <a 'sun/nio/fs/WindowsException'{0x00000000eab10bd0}> (0x00000000eab10bd0) 
thrown [s\src\hotspot\share\prims\jni.cpp, line 516]
Event: 3760.753 Thread 0x000001e103d7fad0 Exception <a 'java/lang/ClassNotFoundException'{0x00000000eac59018}: sun/net/www/protocol/jdt/Handler> (0x00000000eac59018) 
thrown [s\src\hotspot\share\classfile\systemDictionary.cpp, line 256]
Event: 3761.062 Thread 0x000001e103d7fad0 Exception <a 'java/lang/ClassNotFoundException'{0x00000000eab7cba8}: sun/net/www/protocol/jdt/Handler> (0x00000000eab7cba8) 
thrown [s\src\hotspot\share\classfile\systemDictionary.cpp, line 256]
Event: 3761.062 Thread 0x000001e103d7fad0 Exception <a 'java/lang/ClassNotFoundException'{0x00000000eab7f360}: sun/net/www/protocol/jdt/Handler> (0x00000000eab7f360) 
thrown [s\src\hotspot\share\classfile\systemDictionary.cpp, line 256]
Event: 3761.062 Thread 0x000001e103d7fad0 Exception <a 'java/lang/ClassNotFoundException'{0x00000000eab83ad0}: sun/net/www/protocol/jdt/Handler> (0x00000000eab83ad0) 
thrown [s\src\hotspot\share\classfile\systemDictionary.cpp, line 256]
Event: 3761.062 Thread 0x000001e103d7fad0 Exception <a 'java/lang/ClassNotFoundException'{0x00000000eab87f40}: sun/net/www/protocol/jdt/Handler> (0x00000000eab87f40) 
thrown [s\src\hotspot\share\classfile\systemDictionary.cpp, line 256]
Event: 3761.062 Thread 0x000001e103d7fad0 Exception <a 'java/lang/ClassNotFoundException'{0x00000000eab8a208}: sun/net/www/protocol/jdt/Handler> (0x00000000eab8a208) 
thrown [s\src\hotspot\share\classfile\systemDictionary.cpp, line 256]
Event: 3761.062 Thread 0x000001e103d7fad0 Exception <a 'java/lang/ClassNotFoundException'{0x00000000eab8c4f0}: sun/net/www/protocol/jdt/Handler> (0x00000000eab8c4f0) 
thrown [s\src\hotspot\share\classfile\systemDictionary.cpp, line 256]
Event: 3761.062 Thread 0x000001e103d7fad0 Exception <a 'java/lang/ClassNotFoundException'{0x00000000eab8ea70}: sun/net/www/protocol/jdt/Handler> (0x00000000eab8ea70) 
thrown [s\src\hotspot\share\classfile\systemDictionary.cpp, line 256]
Event: 3765.165 Thread 0x000001e17ee74660 Exception <a 'sun/nio/fs/WindowsException'{0x00000000eacf67e0}> (0x00000000eacf67e0) 
thrown [s\src\hotspot\share\prims\jni.cpp, line 516]
Event: 3765.224 Thread 0x000001e17ee74660 Exception <a 'sun/nio/fs/WindowsException'{0x00000000eacb3700}> (0x00000000eacb3700) 
thrown [s\src\hotspot\share\prims\jni.cpp, line 516]
Event: 3767.599 Thread 0x000001e17ee74660 Exception <a 'sun/nio/fs/WindowsException'{0x00000000eab55510}> (0x00000000eab55510) 
thrown [s\src\hotspot\share\prims\jni.cpp, line 516]
Event: 3767.705 Thread 0x000001e17ee74660 Exception <a 'sun/nio/fs/WindowsException'{0x00000000eab5b578}> (0x00000000eab5b578) 
thrown [s\src\hotspot\share\prims\jni.cpp, line 516]
Event: 3779.041 Thread 0x000001e17ee74660 Exception <a 'sun/nio/fs/WindowsException'{0x00000000eac52d60}> (0x00000000eac52d60) 
thrown [s\src\hotspot\share\prims\jni.cpp, line 516]
Event: 3779.093 Thread 0x000001e17ee74660 Exception <a 'sun/nio/fs/WindowsException'{0x00000000eacad580}> (0x00000000eacad580) 
thrown [s\src\hotspot\share\prims\jni.cpp, line 516]
Event: 3782.474 Thread 0x000001e17ee74660 Exception <a 'sun/nio/fs/WindowsException'{0x00000000eacf2248}> (0x00000000eacf2248) 
thrown [s\src\hotspot\share\prims\jni.cpp, line 516]
Event: 3782.579 Thread 0x000001e17ee74660 Exception <a 'sun/nio/fs/WindowsException'{0x00000000eae3c418}> (0x00000000eae3c418) 
thrown [s\src\hotspot\share\prims\jni.cpp, line 516]
Event: 3847.999 Thread 0x000001e17ee74660 Exception <a 'sun/nio/fs/WindowsException'{0x00000000eae08300}> (0x00000000eae08300) 
thrown [s\src\hotspot\share\prims\jni.cpp, line 516]

VM Operations (20 events):
Event: 3847.222 Executing VM operation: ParallelGCFailedAllocation done
Event: 3847.352 Executing VM operation: ParallelGCFailedAllocation
Event: 3847.353 Executing VM operation: ParallelGCFailedAllocation done
Event: 3847.361 Executing VM operation: ParallelGCFailedAllocation
Event: 3847.362 Executing VM operation: ParallelGCFailedAllocation done
Event: 3848.000 Executing VM operation: ParallelGCFailedAllocation
Event: 3848.001 Executing VM operation: ParallelGCFailedAllocation done
Event: 3848.005 Executing VM operation: ParallelGCFailedAllocation
Event: 3848.070 Executing VM operation: ParallelGCFailedAllocation done
Event: 3848.071 Executing VM operation: ParallelGCFailedAllocation
Event: 3848.072 Executing VM operation: ParallelGCFailedAllocation done
Event: 3848.073 Executing VM operation: ParallelGCFailedAllocation
Event: 3848.074 Executing VM operation: ParallelGCFailedAllocation done
Event: 3848.075 Executing VM operation: ParallelGCFailedAllocation
Event: 3848.076 Executing VM operation: ParallelGCFailedAllocation done
Event: 3848.078 Executing VM operation: ParallelGCFailedAllocation
Event: 3848.079 Executing VM operation: ParallelGCFailedAllocation done
Event: 3848.082 Executing VM operation: ParallelGCFailedAllocation
Event: 3848.084 Executing VM operation: ParallelGCFailedAllocation done
Event: 3848.103 Executing VM operation: ParallelGCFailedAllocation

Events (20 events):
Event: 3754.582 Thread 0x000001e103d82150 Thread added: 0x000001e103d82150
Event: 3755.291 Thread 0x000001e103d82fc0 Thread added: 0x000001e103d82fc0
Event: 3755.722 Thread 0x000001e103d847d0 Thread added: 0x000001e103d847d0
Event: 3755.907 Thread 0x000001e103d85640 Thread added: 0x000001e103d85640
Event: 3755.912 Thread 0x000001e103d85640 Thread exited: 0x000001e103d85640
Event: 3759.128 Thread 0x000001e103d82620 Thread added: 0x000001e103d82620
Event: 3759.133 Thread 0x000001e103d82620 Thread exited: 0x000001e103d82620
Event: 3760.401 Thread 0x000001e17db816f0 Thread added: 0x000001e17db816f0
Event: 3760.409 Thread 0x000001e103d7fad0 Thread added: 0x000001e103d7fad0
Event: 3760.687 Thread 0x000001e17db816f0 Thread exited: 0x000001e17db816f0
Event: 3765.454 Thread 0x000001e103d7e2c0 Thread added: 0x000001e103d7e2c0
Event: 3765.460 Thread 0x000001e103d7e2c0 Thread exited: 0x000001e103d7e2c0
Event: 3768.622 Thread 0x000001e103d85640 Thread added: 0x000001e103d85640
Event: 3768.627 Thread 0x000001e103d85640 Thread exited: 0x000001e103d85640
Event: 3779.861 Thread 0x000001e103d7f600 Thread added: 0x000001e103d7f600
Event: 3779.866 Thread 0x000001e103d7f600 Thread exited: 0x000001e103d7f600
Event: 3783.086 Thread 0x000001e103d85170 Thread added: 0x000001e103d85170
Event: 3783.092 Thread 0x000001e103d85170 Thread exited: 0x000001e103d85170
Event: 3821.067 Thread 0x000001e103d7fad0 Thread exited: 0x000001e103d7fad0
Event: 3842.250 Thread 0x000001e103d82620 Thread added: 0x000001e103d82620


Dynamic libraries:
0x00007ff725a40000 - 0x00007ff725a4e000 	c:\Users\Usuario\.vscode\extensions\redhat.java-1.12.0-win32-x64\jre\17.0.4.1-win32-x86_64\bin\java.exe
0x00007ffc83190000 - 0x00007ffc83388000 	C:\WINDOWS\SYSTEM32\ntdll.dll
0x00007ffc547b0000 - 0x00007ffc547c7000 	C:\Program Files\Avast Software\Avast\aswhook.dll
0x00007ffc811e0000 - 0x00007ffc8129f000 	C:\WINDOWS\System32\KERNEL32.DLL
0x00007ffc80ad0000 - 0x00007ffc80da2000 	C:\WINDOWS\System32\KERNELBASE.dll
0x00007ffc7e0b0000 - 0x00007ffc7e141000 	C:\WINDOWS\SYSTEM32\apphelp.dll
0x00007ffc80f30000 - 0x00007ffc81030000 	C:\WINDOWS\System32\ucrtbase.dll
0x00007ffc767d0000 - 0x00007ffc767e8000 	c:\Users\Usuario\.vscode\extensions\redhat.java-1.12.0-win32-x64\jre\17.0.4.1-win32-x86_64\bin\jli.dll
0x00007ffc59a20000 - 0x00007ffc59a39000 	c:\Users\Usuario\.vscode\extensions\redhat.java-1.12.0-win32-x64\jre\17.0.4.1-win32-x86_64\bin\VCRUNTIME140.dll
0x00007ffc81ab0000 - 0x00007ffc81c4d000 	C:\WINDOWS\System32\USER32.dll
0x00007ffc811b0000 - 0x00007ffc811d2000 	C:\WINDOWS\System32\win32u.dll
0x00007ffc6ab60000 - 0x00007ffc6adfa000 	C:\WINDOWS\WinSxS\amd64_microsoft.windows.common-controls_6595b64144ccf1df_6.0.19041.1110_none_60b5254171f9507e\COMCTL32.dll
0x00007ffc81c50000 - 0x00007ffc81c7b000 	C:\WINDOWS\System32\GDI32.dll
0x00007ffc82900000 - 0x00007ffc8299e000 	C:\WINDOWS\System32\msvcrt.dll
0x00007ffc810a0000 - 0x00007ffc811af000 	C:\WINDOWS\System32\gdi32full.dll
0x00007ffc80e90000 - 0x00007ffc80f2d000 	C:\WINDOWS\System32\msvcp_win.dll
0x00007ffc82fc0000 - 0x00007ffc82ff2000 	C:\WINDOWS\System32\IMM32.DLL
0x00007ffc6b960000 - 0x00007ffc6b96c000 	c:\Users\Usuario\.vscode\extensions\redhat.java-1.12.0-win32-x64\jre\17.0.4.1-win32-x86_64\bin\vcruntime140_1.dll
0x00007ffb8a870000 - 0x00007ffb8a901000 	c:\Users\Usuario\.vscode\extensions\redhat.java-1.12.0-win32-x64\jre\17.0.4.1-win32-x86_64\bin\msvcp140.dll
0x00007ffb7efd0000 - 0x00007ffb7fc16000 	c:\Users\Usuario\.vscode\extensions\redhat.java-1.12.0-win32-x64\jre\17.0.4.1-win32-x86_64\bin\server\jvm.dll
0x00007ffc83000000 - 0x00007ffc830ae000 	C:\WINDOWS\System32\ADVAPI32.dll
0x00007ffc830b0000 - 0x00007ffc8314c000 	C:\WINDOWS\System32\sechost.dll
0x00007ffc82e90000 - 0x00007ffc82fb5000 	C:\WINDOWS\System32\RPCRT4.dll
0x00007ffc81aa0000 - 0x00007ffc81aa8000 	C:\WINDOWS\System32\PSAPI.DLL
0x00007ffc79f60000 - 0x00007ffc79f6a000 	C:\WINDOWS\SYSTEM32\VERSION.dll
0x00007ffc6e370000 - 0x00007ffc6e379000 	C:\WINDOWS\SYSTEM32\WSOCK32.dll
0x00007ffc76be0000 - 0x00007ffc76c07000 	C:\WINDOWS\SYSTEM32\WINMM.dll
0x00007ffc82b90000 - 0x00007ffc82bfb000 	C:\WINDOWS\System32\WS2_32.dll
0x00007ffc7e770000 - 0x00007ffc7e782000 	C:\WINDOWS\SYSTEM32\kernel.appcore.dll
0x00007ffc65e30000 - 0x00007ffc65e3a000 	c:\Users\Usuario\.vscode\extensions\redhat.java-1.12.0-win32-x64\jre\17.0.4.1-win32-x86_64\bin\jimage.dll
0x00007ffc75be0000 - 0x00007ffc75dc4000 	C:\WINDOWS\SYSTEM32\DBGHELP.DLL
0x00007ffc75bb0000 - 0x00007ffc75bdc000 	C:\WINDOWS\SYSTEM32\dbgcore.DLL
0x00007ffc809f0000 - 0x00007ffc80a72000 	C:\WINDOWS\System32\bcryptPrimitives.dll
0x00007ffc59b50000 - 0x00007ffc59b5e000 	c:\Users\Usuario\.vscode\extensions\redhat.java-1.12.0-win32-x64\jre\17.0.4.1-win32-x86_64\bin\instrument.dll
0x00007ffc3c5b0000 - 0x00007ffc3c5d5000 	c:\Users\Usuario\.vscode\extensions\redhat.java-1.12.0-win32-x64\jre\17.0.4.1-win32-x86_64\bin\java.dll
0x00007ffc4e4d0000 - 0x00007ffc4e4e8000 	c:\Users\Usuario\.vscode\extensions\redhat.java-1.12.0-win32-x64\jre\17.0.4.1-win32-x86_64\bin\zip.dll
0x00007ffc812a0000 - 0x00007ffc819e3000 	C:\WINDOWS\System32\SHELL32.dll
0x00007ffc7e970000 - 0x00007ffc7f102000 	C:\WINDOWS\SYSTEM32\windows.storage.dll
0x00007ffc81d80000 - 0x00007ffc820d4000 	C:\WINDOWS\System32\combase.dll
0x00007ffc802f0000 - 0x00007ffc80320000 	C:\WINDOWS\SYSTEM32\Wldp.dll
0x00007ffc819f0000 - 0x00007ffc81a9d000 	C:\WINDOWS\System32\SHCORE.dll
0x00007ffc82e30000 - 0x00007ffc82e85000 	C:\WINDOWS\System32\shlwapi.dll
0x00007ffc807d0000 - 0x00007ffc807ef000 	C:\WINDOWS\SYSTEM32\profapi.dll
0x00007ffb8de10000 - 0x00007ffb8de29000 	C:\Users\Usuario\.vscode\extensions\redhat.java-1.12.0-win32-x64\jre\17.0.4.1-win32-x86_64\bin\net.dll
0x00007ffc78830000 - 0x00007ffc7893c000 	C:\WINDOWS\SYSTEM32\WINHTTP.dll
0x00007ffc80050000 - 0x00007ffc800ba000 	C:\WINDOWS\system32\mswsock.dll
0x00007ffb8c9f0000 - 0x00007ffb8ca05000 	C:\Users\Usuario\.vscode\extensions\redhat.java-1.12.0-win32-x64\jre\17.0.4.1-win32-x86_64\bin\nio.dll
0x00007ffc51180000 - 0x00007ffc51190000 	c:\Users\Usuario\.vscode\extensions\redhat.java-1.12.0-win32-x64\jre\17.0.4.1-win32-x86_64\bin\verify.dll
0x00007ffb7e070000 - 0x00007ffb7e0ae000 	C:\Users\Usuario\AppData\Roaming\Code\User\globalStorage\redhat.java\1.12.0\config_win\org.eclipse.equinox.launcher\org.eclipse.equinox.launcher.win32.win32.x86_64_1.2.600.v20220720-1916\eclipse_11700.dll
0x00007ffc82a60000 - 0x00007ffc82b8a000 	C:\WINDOWS\System32\ole32.dll
0x00007ffc80240000 - 0x00007ffc80258000 	C:\WINDOWS\SYSTEM32\CRYPTSP.dll
0x00007ffc7f900000 - 0x00007ffc7f934000 	C:\WINDOWS\system32\rsaenh.dll
0x00007ffc80e60000 - 0x00007ffc80e87000 	C:\WINDOWS\System32\bcrypt.dll
0x00007ffc80790000 - 0x00007ffc807be000 	C:\WINDOWS\SYSTEM32\USERENV.dll
0x00007ffc80260000 - 0x00007ffc8026c000 	C:\WINDOWS\SYSTEM32\CRYPTBASE.dll
0x00007ffc7fcf0000 - 0x00007ffc7fd2b000 	C:\WINDOWS\SYSTEM32\IPHLPAPI.DLL
0x00007ffc82670000 - 0x00007ffc82678000 	C:\WINDOWS\System32\NSI.dll
0x00007ffc7a650000 - 0x00007ffc7a667000 	C:\WINDOWS\SYSTEM32\dhcpcsvc6.DLL
0x00007ffc7a630000 - 0x00007ffc7a64d000 	C:\WINDOWS\SYSTEM32\dhcpcsvc.DLL
0x00007ffc7fd30000 - 0x00007ffc7fdfa000 	C:\WINDOWS\SYSTEM32\DNSAPI.dll
0x00007ffb7dff0000 - 0x00007ffb7e030000 	C:\Users\Usuario\AppData\Local\Temp\jna-1531808526\jna2485557020828624361.dll
0x00007ffc4faf0000 - 0x00007ffc4fafe000 	C:\Users\Usuario\.vscode\extensions\redhat.java-1.12.0-win32-x64\jre\17.0.4.1-win32-x86_64\bin\sunmscapi.dll
0x00007ffc80890000 - 0x00007ffc809e6000 	C:\WINDOWS\System32\CRYPT32.dll
0x00007ffc80360000 - 0x00007ffc80387000 	C:\WINDOWS\SYSTEM32\ncrypt.dll
0x00007ffc80320000 - 0x00007ffc8035b000 	C:\WINDOWS\SYSTEM32\NTASN1.dll
0x00007ffc787e0000 - 0x00007ffc787ea000 	C:\Windows\System32\rasadhlp.dll
0x00007ffc76ac0000 - 0x00007ffc76b40000 	C:\WINDOWS\System32\fwpuclnt.dll

dbghelp: loaded successfully - version: 4.0.5 - missing functions: none
symbol engine: initialized successfully - sym options: 0x614 - pdb path: .;c:\Users\Usuario\.vscode\extensions\redhat.java-1.12.0-win32-x64\jre\17.0.4.1-win32-x86_64\bin;C:\WINDOWS\SYSTEM32;C:\Program Files\Avast Software\Avast;C:\WINDOWS\WinSxS\amd64_microsoft.windows.common-controls_6595b64144ccf1df_6.0.19041.1110_none_60b5254171f9507e;c:\Users\Usuario\.vscode\extensions\redhat.java-1.12.0-win32-x64\jre\17.0.4.1-win32-x86_64\bin\server;C:\Users\Usuario\AppData\Roaming\Code\User\globalStorage\redhat.java\1.12.0\config_win\org.eclipse.equinox.launcher\org.eclipse.equinox.launcher.win32.win32.x86_64_1.2.600.v20220720-1916;C:\Users\Usuario\AppData\Local\Temp\jna-1531808526

VM Arguments:
jvm_args: --add-modules=ALL-SYSTEM --add-opens=java.base/java.util=ALL-UNNAMED --add-opens=java.base/java.lang=ALL-UNNAMED --add-opens=java.base/sun.nio.fs=ALL-UNNAMED -Declipse.application=org.eclipse.jdt.ls.core.id1 -Dosgi.bundles.defaultStartLevel=4 -Declipse.product=org.eclipse.jdt.ls.core.product -Djava.import.generatesMetadataFilesAtProjectRoot=false -Dfile.encoding=utf8 -XX:+UseParallelGC -XX:GCTimeRatio=4 -XX:AdaptiveSizePolicyWeight=90 -Dsun.zip.disableMemoryMapping=true -Xmx1G -Xms100m -Xlog:disable -javaagent:c:\Users\Usuario\.vscode\extensions\redhat.java-1.12.0-win32-x64\lombok\lombok-1.18.24.jar -XX:+HeapDumpOnOutOfMemoryError -XX:HeapDumpPath=c:\Users\Usuario\AppData\Roaming\Code\User\workspaceStorage\47beed2f64f642975652ed443ada2e55\redhat.java 
java_command: c:\Users\Usuario\.vscode\extensions\redhat.java-1.12.0-win32-x64\server\plugins\org.eclipse.equinox.launcher_1.6.400.v20210924-0641.jar -configuration c:\Users\Usuario\AppData\Roaming\Code\User\globalStorage\redhat.java\1.12.0\config_win -data c:\Users\Usuario\AppData\Roaming\Code\User\workspaceStorage\47beed2f64f642975652ed443ada2e55\redhat.java\jdt_ws
java_class_path (initial): c:\Users\Usuario\.vscode\extensions\redhat.java-1.12.0-win32-x64\server\plugins\org.eclipse.equinox.launcher_1.6.400.v20210924-0641.jar
Launcher Type: SUN_STANDARD

[Global flags]
    uintx AdaptiveSizePolicyWeight                 = 90                                        {product} {command line}
     intx CICompilerCount                          = 12                                        {product} {ergonomic}
    uintx GCTimeRatio                              = 4                                         {product} {command line}
     bool HeapDumpOnOutOfMemoryError               = true                                   {manageable} {command line}
    ccstr HeapDumpPath                             = c:\Users\Usuario\AppData\Roaming\Code\User\workspaceStorage\47beed2f64f642975652ed443ada2e55\redhat.java         {manageable} {command line}
   size_t InitialHeapSize                          = 104857600                                 {product} {command line}
   size_t MaxHeapSize                              = 1073741824                                {product} {command line}
   size_t MaxNewSize                               = 357564416                                 {product} {ergonomic}
   size_t MinHeapDeltaBytes                        = 524288                                    {product} {ergonomic}
   size_t MinHeapSize                              = 104857600                                 {product} {command line}
   size_t NewSize                                  = 34603008                                  {product} {ergonomic}
    uintx NonNMethodCodeHeapSize                   = 7602480                                {pd product} {ergonomic}
    uintx NonProfiledCodeHeapSize                  = 122027880                              {pd product} {ergonomic}
   size_t OldSize                                  = 70254592                                  {product} {ergonomic}
    uintx ProfiledCodeHeapSize                     = 122027880                              {pd product} {ergonomic}
    uintx ReservedCodeCacheSize                    = 251658240                              {pd product} {ergonomic}
     bool SegmentedCodeCache                       = true                                      {product} {ergonomic}
   size_t SoftMaxHeapSize                          = 1073741824                             {manageable} {ergonomic}
     bool UseCompressedClassPointers               = true                           {product lp64_product} {ergonomic}
     bool UseCompressedOops                        = true                           {product lp64_product} {ergonomic}
     bool UseLargePagesIndividualAllocation        = false                                  {pd product} {ergonomic}
     bool UseParallelGC                            = true                                      {product} {command line}

Logging:
Log output configuration:
 #0: stdout all=off uptime,level,tags
 #1: stderr all=off uptime,level,tags

Environment Variables:
PATH=C:\Program Files\Common Files\Oracle\Java\javapath;C:\WINDOWS\system32;C:\WINDOWS;C:\WINDOWS\System32\Wbem;C:\WINDOWS\System32\WindowsPowerShell\v1.0\;C:\WINDOWS\System32\OpenSSH\;C:\Program Files\AutoFirma\AutoFirma;C:\Program Files\MySQL\MySQL Server 8.0\bin;C:\Users\Usuario\AppData\Local\Microsoft\WindowsApps;;C:\Users\Usuario\AppData\Local\Programs\Microsoft VS Code\bin
USERNAME=Usuario
OS=Windows_NT
PROCESSOR_IDENTIFIER=Intel64 Family 6 Model 158 Stepping 13, GenuineIntel
TMP=C:\Users\Usuario\AppData\Local\Temp
TEMP=C:\Users\Usuario\AppData\Local\Temp



---------------  S Y S T E M  ---------------

OS:
 Windows 10 , 64 bit Build 19041 (10.0.19041.2251)
OS uptime: 0 days 1:29 hours

CPU: total 16 (initial active 16) (8 cores per cpu, 2 threads per core) family 6 model 158 stepping 13 microcode 0xbe, cx8, cmov, fxsr, ht, mmx, 3dnowpref, sse, sse2, sse3, ssse3, sse4.1, sse4.2, popcnt, lzcnt, tsc, tscinvbit, avx, avx2, aes, erms, clmul, bmi1, bmi2, rtm, adx, fma, vzeroupper, clflush, clflushopt

Memory: 4k page, system-wide physical 32702M (19551M free)
TotalPageFile size 37566M (AvailPageFile size 20172M)
current process WorkingSet (physical memory assigned to process): 573M, peak: 702M
current process commit charge ("private bytes"): 554M, peak: 740M

vm_info: OpenJDK 64-Bit Server VM (17.0.4.1+1) for windows-amd64 JRE (17.0.4.1+1), built on Aug 17 2022 07:42:43 by "temurin" with MS VC++ 16.7 (VS2019)

END.
